<?xml version="1.0" encoding="UTF-8"?>
<testng-results ignored="0" total="3" passed="3" failed="0" skipped="0">
  <reporter-output>
  </reporter-output>
  <suite started-at="2024-11-23T10:23:17 IST" name="Default suite" finished-at="2024-11-23T10:23:17 IST" duration-ms="58">
    <groups>
    </groups>
    <test started-at="2024-11-23T10:23:17 IST" name="Default test" finished-at="2024-11-23T10:23:17 IST" duration-ms="58">
      <class name="TestNG_Practice.TNG001">
        <test-method is-config="true" signature="beforeSuite()[pri:0, instance:TestNG_Practice.TNG001@49c7b90e]" started-at="2024-11-23T10:23:17 IST" name="beforeSuite" finished-at="2024-11-23T10:23:17 IST" duration-ms="10" status="PASS">
          <reporter-output>
          </reporter-output>
        </test-method> <!-- beforeSuite -->
        <test-method is-config="true" signature="beforeTest()[pri:0, instance:TestNG_Practice.TNG001@49c7b90e]" started-at="2024-11-23T10:23:17 IST" name="beforeTest" finished-at="2024-11-23T10:23:17 IST" duration-ms="1" status="PASS">
          <reporter-output>
          </reporter-output>
        </test-method> <!-- beforeTest -->
        <test-method is-config="true" signature="beforeClass()[pri:0, instance:TestNG_Practice.TNG001@49c7b90e]" started-at="2024-11-23T10:23:17 IST" name="beforeClass" finished-at="2024-11-23T10:23:17 IST" duration-ms="0" status="PASS">
          <reporter-output>
          </reporter-output>
        </test-method> <!-- beforeClass -->
        <test-method is-config="true" signature="beforeMethod()[pri:0, instance:TestNG_Practice.TNG001@49c7b90e]" started-at="2024-11-23T10:23:17 IST" name="beforeMethod" finished-at="2024-11-23T10:23:17 IST" duration-ms="0" status="PASS">
          <reporter-output>
          </reporter-output>
        </test-method> <!-- beforeMethod -->
        <test-method signature="f()[pri:1, instance:TestNG_Practice.TNG001@49c7b90e]" started-at="2024-11-23T10:23:17 IST" name="f" finished-at="2024-11-23T10:23:17 IST" duration-ms="4" status="PASS">
          <reporter-output>
          </reporter-output>
        </test-method> <!-- f -->
        <test-method is-config="true" signature="afterMethod()[pri:0, instance:TestNG_Practice.TNG001@49c7b90e]" started-at="2024-11-23T10:23:17 IST" name="afterMethod" finished-at="2024-11-23T10:23:17 IST" duration-ms="1" status="PASS">
          <reporter-output>
          </reporter-output>
        </test-method> <!-- afterMethod -->
        <test-method signature="Z()[pri:2, instance:TestNG_Practice.TNG001@49c7b90e]" started-at="2024-11-23T10:23:17 IST" name="Z" finished-at="2024-11-23T10:23:17 IST" duration-ms="1" status="PASS">
          <reporter-output>
          </reporter-output>
        </test-method> <!-- Z -->
        <test-method is-config="true" signature="beforeMethod()[pri:0, instance:TestNG_Practice.TNG001@49c7b90e]" started-at="2024-11-23T10:23:17 IST" name="beforeMethod" finished-at="2024-11-23T10:23:17 IST" duration-ms="0" status="PASS">
          <reporter-output>
          </reporter-output>
        </test-method> <!-- beforeMethod -->
        <test-method is-config="true" signature="beforeMethod()[pri:0, instance:TestNG_Practice.TNG001@49c7b90e]" started-at="2024-11-23T10:23:17 IST" name="beforeMethod" finished-at="2024-11-23T10:23:17 IST" duration-ms="1" status="PASS">
          <reporter-output>
          </reporter-output>
        </test-method> <!-- beforeMethod -->
        <test-method is-config="true" signature="afterMethod()[pri:0, instance:TestNG_Practice.TNG001@49c7b90e]" started-at="2024-11-23T10:23:17 IST" name="afterMethod" finished-at="2024-11-23T10:23:17 IST" duration-ms="0" status="PASS">
          <reporter-output>
          </reporter-output>
        </test-method> <!-- afterMethod -->
        <test-method signature="a()[pri:3, instance:TestNG_Practice.TNG001@49c7b90e]" started-at="2024-11-23T10:23:17 IST" name="a" finished-at="2024-11-23T10:23:17 IST" duration-ms="4" status="PASS">
          <reporter-output>
          </reporter-output>
        </test-method> <!-- a -->
        <test-method is-config="true" signature="afterMethod()[pri:0, instance:TestNG_Practice.TNG001@49c7b90e]" started-at="2024-11-23T10:23:17 IST" name="afterMethod" finished-at="2024-11-23T10:23:17 IST" duration-ms="2" status="PASS">
          <reporter-output>
          </reporter-output>
        </test-method> <!-- afterMethod -->
        <test-method is-config="true" signature="afterClass()[pri:0, instance:TestNG_Practice.TNG001@49c7b90e]" started-at="2024-11-23T10:23:17 IST" name="afterClass" finished-at="2024-11-23T10:23:17 IST" duration-ms="0" status="PASS">
          <reporter-output>
          </reporter-output>
        </test-method> <!-- afterClass -->
        <test-method is-config="true" signature="afterTest()[pri:0, instance:TestNG_Practice.TNG001@49c7b90e]" started-at="2024-11-23T10:23:17 IST" name="afterTest" finished-at="2024-11-23T10:23:17 IST" duration-ms="1" status="PASS">
          <reporter-output>
          </reporter-output>
        </test-method> <!-- afterTest -->
        <test-method is-config="true" signature="afterSuite()[pri:0, instance:TestNG_Practice.TNG001@49c7b90e]" started-at="2024-11-23T10:23:17 IST" name="afterSuite" finished-at="2024-11-23T10:23:17 IST" duration-ms="0" status="PASS">
          <reporter-output>
          </reporter-output>
        </test-method> <!-- afterSuite -->
      </class> <!-- TestNG_Practice.TNG001 -->
    </test> <!-- Default test -->
  </suite> <!-- Default suite -->
</testng-results>
